2018-05-21 21:31:27,500 DEBUG    root            Loaded Command Group: [u'gcloud', u'components']
2018-05-21 21:31:27,504 DEBUG    root            Loaded Command Group: [u'gcloud', u'components', u'install']
2018-05-21 21:31:27,509 DEBUG    root            Running [gcloud.components.install] with arguments: [--allow-no-backup: "True", --quiet: "True", COMPONENT-IDS:3: "[u'app-engine-python', u'beta', u'app-engine-go']"]
2018-05-21 21:31:28,865 INFO     ___FILE_ONLY___ 

2018-05-21 21:31:28,866 INFO     ___FILE_ONLY___ 
Your current Cloud SDK version is: 201.0.0

2018-05-21 21:31:28,866 INFO     ___FILE_ONLY___ Installing components from version: 201.0.0

2018-05-21 21:31:28,866 INFO     ___FILE_ONLY___ 

2018-05-21 21:31:28,877 INFO     ___FILE_ONLY___ ┌───────────────────────────────────────────────────────┐
2018-05-21 21:31:28,878 INFO     ___FILE_ONLY___ 

2018-05-21 21:31:28,878 INFO     ___FILE_ONLY___ │          These components will be installed.          │
2018-05-21 21:31:28,878 INFO     ___FILE_ONLY___ 

2018-05-21 21:31:28,878 INFO     ___FILE_ONLY___ ├──────────────────────────────┬────────────┬───────────┤
2018-05-21 21:31:28,878 INFO     ___FILE_ONLY___ 

2018-05-21 21:31:28,878 INFO     ___FILE_ONLY___ │             Name             │  Version   │    Size   │
2018-05-21 21:31:28,879 INFO     ___FILE_ONLY___ 

2018-05-21 21:31:28,879 INFO     ___FILE_ONLY___ ├──────────────────────────────┼────────────┼───────────┤
2018-05-21 21:31:28,879 INFO     ___FILE_ONLY___ 

2018-05-21 21:31:28,879 INFO     ___FILE_ONLY___ │ 
2018-05-21 21:31:28,879 INFO     ___FILE_ONLY___ App Engine Go Extensions    
2018-05-21 21:31:28,879 INFO     ___FILE_ONLY___  
2018-05-21 21:31:28,880 INFO     ___FILE_ONLY___ │ 
2018-05-21 21:31:28,880 INFO     ___FILE_ONLY___           
2018-05-21 21:31:28,880 INFO     ___FILE_ONLY___  
2018-05-21 21:31:28,880 INFO     ___FILE_ONLY___ │ 
2018-05-21 21:31:28,880 INFO     ___FILE_ONLY___          
2018-05-21 21:31:28,880 INFO     ___FILE_ONLY___  
2018-05-21 21:31:28,880 INFO     ___FILE_ONLY___ │
2018-05-21 21:31:28,881 INFO     ___FILE_ONLY___ 

2018-05-21 21:31:28,881 INFO     ___FILE_ONLY___ │ 
2018-05-21 21:31:28,881 INFO     ___FILE_ONLY___ App Engine Go Extensions    
2018-05-21 21:31:28,881 INFO     ___FILE_ONLY___  
2018-05-21 21:31:28,881 INFO     ___FILE_ONLY___ │ 
2018-05-21 21:31:28,882 INFO     ___FILE_ONLY___     1.9.64
2018-05-21 21:31:28,882 INFO     ___FILE_ONLY___  
2018-05-21 21:31:28,882 INFO     ___FILE_ONLY___ │ 
2018-05-21 21:31:28,882 INFO     ___FILE_ONLY___ 151.9 MiB
2018-05-21 21:31:28,882 INFO     ___FILE_ONLY___  
2018-05-21 21:31:28,882 INFO     ___FILE_ONLY___ │
2018-05-21 21:31:28,882 INFO     ___FILE_ONLY___ 

2018-05-21 21:31:28,883 INFO     ___FILE_ONLY___ │ 
2018-05-21 21:31:28,883 INFO     ___FILE_ONLY___ gRPC python library         
2018-05-21 21:31:28,883 INFO     ___FILE_ONLY___  
2018-05-21 21:31:28,883 INFO     ___FILE_ONLY___ │ 
2018-05-21 21:31:28,883 INFO     ___FILE_ONLY___           
2018-05-21 21:31:28,884 INFO     ___FILE_ONLY___  
2018-05-21 21:31:28,884 INFO     ___FILE_ONLY___ │ 
2018-05-21 21:31:28,884 INFO     ___FILE_ONLY___          
2018-05-21 21:31:28,884 INFO     ___FILE_ONLY___  
2018-05-21 21:31:28,884 INFO     ___FILE_ONLY___ │
2018-05-21 21:31:28,884 INFO     ___FILE_ONLY___ 

2018-05-21 21:31:28,885 INFO     ___FILE_ONLY___ │ 
2018-05-21 21:31:28,885 INFO     ___FILE_ONLY___ gRPC python library         
2018-05-21 21:31:28,885 INFO     ___FILE_ONLY___  
2018-05-21 21:31:28,885 INFO     ___FILE_ONLY___ │ 
2018-05-21 21:31:28,885 INFO     ___FILE_ONLY___      1.9.1
2018-05-21 21:31:28,886 INFO     ___FILE_ONLY___  
2018-05-21 21:31:28,886 INFO     ___FILE_ONLY___ │ 
2018-05-21 21:31:28,886 INFO     ___FILE_ONLY___  12.1 MiB
2018-05-21 21:31:28,886 INFO     ___FILE_ONLY___  
2018-05-21 21:31:28,886 INFO     ___FILE_ONLY___ │
2018-05-21 21:31:28,886 INFO     ___FILE_ONLY___ 

2018-05-21 21:31:28,886 INFO     ___FILE_ONLY___ │ 
2018-05-21 21:31:28,887 INFO     ___FILE_ONLY___ gcloud Beta Commands        
2018-05-21 21:31:28,887 INFO     ___FILE_ONLY___  
2018-05-21 21:31:28,887 INFO     ___FILE_ONLY___ │ 
2018-05-21 21:31:28,887 INFO     ___FILE_ONLY___ 2017.09.15
2018-05-21 21:31:28,887 INFO     ___FILE_ONLY___  
2018-05-21 21:31:28,887 INFO     ___FILE_ONLY___ │ 
2018-05-21 21:31:28,888 INFO     ___FILE_ONLY___   < 1 MiB
2018-05-21 21:31:28,888 INFO     ___FILE_ONLY___  
2018-05-21 21:31:28,888 INFO     ___FILE_ONLY___ │
2018-05-21 21:31:28,888 INFO     ___FILE_ONLY___ 

2018-05-21 21:31:28,888 INFO     ___FILE_ONLY___ │ 
2018-05-21 21:31:28,889 INFO     ___FILE_ONLY___ gcloud app Python Extensions
2018-05-21 21:31:28,889 INFO     ___FILE_ONLY___  
2018-05-21 21:31:28,889 INFO     ___FILE_ONLY___ │ 
2018-05-21 21:31:28,889 INFO     ___FILE_ONLY___     1.9.69
2018-05-21 21:31:28,889 INFO     ___FILE_ONLY___  
2018-05-21 21:31:28,889 INFO     ___FILE_ONLY___ │ 
2018-05-21 21:31:28,889 INFO     ___FILE_ONLY___   6.1 MiB
2018-05-21 21:31:28,890 INFO     ___FILE_ONLY___  
2018-05-21 21:31:28,890 INFO     ___FILE_ONLY___ │
2018-05-21 21:31:28,890 INFO     ___FILE_ONLY___ 

2018-05-21 21:31:28,890 INFO     ___FILE_ONLY___ └──────────────────────────────┴────────────┴───────────┘
2018-05-21 21:31:28,890 INFO     ___FILE_ONLY___ 

2018-05-21 21:31:28,890 INFO     ___FILE_ONLY___ 

2018-05-21 21:31:30,423 INFO     ___FILE_ONLY___ For the latest full release notes, please visit:
  https://cloud.google.com/sdk/release_notes


2018-05-21 21:31:30,424 INFO     ___FILE_ONLY___ ╔════════════════════════════════════════════════════════════╗

2018-05-21 21:31:30,424 INFO     ___FILE_ONLY___ ╠═ Creating update staging area                             ═╣

2018-05-21 21:31:30,424 INFO     ___FILE_ONLY___ ╚
2018-05-21 21:31:30,424 INFO     ___FILE_ONLY___ ══════
2018-05-21 21:31:30,424 INFO     ___FILE_ONLY___ ══════
2018-05-21 21:31:30,425 INFO     ___FILE_ONLY___ ══════
2018-05-21 21:31:30,545 INFO     ___FILE_ONLY___ ═
2018-05-21 21:31:30,635 INFO     ___FILE_ONLY___ ═
2018-05-21 21:31:30,787 INFO     ___FILE_ONLY___ ═
2018-05-21 21:31:30,854 INFO     ___FILE_ONLY___ ═
2018-05-21 21:31:30,932 INFO     ___FILE_ONLY___ ═
2018-05-21 21:31:31,023 INFO     ___FILE_ONLY___ ═
2018-05-21 21:31:31,094 INFO     ___FILE_ONLY___ ═
2018-05-21 21:31:31,165 INFO     ___FILE_ONLY___ ═
2018-05-21 21:31:31,220 INFO     ___FILE_ONLY___ ═
2018-05-21 21:31:31,340 INFO     ___FILE_ONLY___ ═
2018-05-21 21:31:31,408 INFO     ___FILE_ONLY___ ═
2018-05-21 21:31:31,519 INFO     ___FILE_ONLY___ ═
2018-05-21 21:31:31,631 INFO     ___FILE_ONLY___ ═
2018-05-21 21:31:31,748 INFO     ___FILE_ONLY___ ═
2018-05-21 21:31:31,846 INFO     ___FILE_ONLY___ ═
2018-05-21 21:31:31,910 INFO     ___FILE_ONLY___ ═
2018-05-21 21:31:31,974 INFO     ___FILE_ONLY___ ═
2018-05-21 21:31:32,037 INFO     ___FILE_ONLY___ ═
2018-05-21 21:31:32,126 INFO     ___FILE_ONLY___ ═
2018-05-21 21:31:32,242 INFO     ___FILE_ONLY___ ═
2018-05-21 21:31:32,319 INFO     ___FILE_ONLY___ ═
2018-05-21 21:31:32,386 INFO     ___FILE_ONLY___ ═
2018-05-21 21:31:32,439 INFO     ___FILE_ONLY___ ═
2018-05-21 21:31:32,487 INFO     ___FILE_ONLY___ ═
2018-05-21 21:31:32,572 INFO     ___FILE_ONLY___ ═
2018-05-21 21:31:32,651 INFO     ___FILE_ONLY___ ═
2018-05-21 21:31:32,748 INFO     ___FILE_ONLY___ ═
2018-05-21 21:31:32,879 INFO     ___FILE_ONLY___ ═
2018-05-21 21:31:33,008 INFO     ___FILE_ONLY___ ═
2018-05-21 21:31:33,156 INFO     ___FILE_ONLY___ ═
2018-05-21 21:31:33,274 INFO     ___FILE_ONLY___ ═
2018-05-21 21:31:33,374 INFO     ___FILE_ONLY___ ═
2018-05-21 21:31:33,427 INFO     ___FILE_ONLY___ ═
2018-05-21 21:31:33,482 INFO     ___FILE_ONLY___ ═
2018-05-21 21:31:33,538 INFO     ___FILE_ONLY___ ═
2018-05-21 21:31:33,588 INFO     ___FILE_ONLY___ ═
2018-05-21 21:31:33,631 INFO     ___FILE_ONLY___ ═
2018-05-21 21:31:33,680 INFO     ___FILE_ONLY___ ═
2018-05-21 21:31:33,743 INFO     ___FILE_ONLY___ ═
2018-05-21 21:31:33,811 INFO     ___FILE_ONLY___ ═
2018-05-21 21:31:33,880 INFO     ___FILE_ONLY___ ═
2018-05-21 21:31:33,929 INFO     ___FILE_ONLY___ ═
2018-05-21 21:31:33,930 INFO     ___FILE_ONLY___ ╝
2018-05-21 21:31:33,934 INFO     ___FILE_ONLY___ ╠════════════════════════════════════════════════════════════╣

2018-05-21 21:31:33,934 INFO     ___FILE_ONLY___ ╠═ Installing: App Engine Go Extensions                     ═╣

2018-05-21 21:31:33,935 INFO     ___FILE_ONLY___ ╚
2018-05-21 21:31:33,940 INFO     ___FILE_ONLY___ ════════════════════════════════════════════════════════════
2018-05-21 21:31:33,941 INFO     ___FILE_ONLY___ ╝
2018-05-21 21:31:33,941 INFO     ___FILE_ONLY___ ╠════════════════════════════════════════════════════════════╣

2018-05-21 21:31:33,942 INFO     ___FILE_ONLY___ ╠═ Installing: App Engine Go Extensions                     ═╣

2018-05-21 21:31:33,942 INFO     ___FILE_ONLY___ ╚
2018-05-21 21:31:51,604 INFO     ___FILE_ONLY___ ═
2018-05-21 21:32:09,463 INFO     ___FILE_ONLY___ ═
2018-05-21 21:32:26,364 INFO     ___FILE_ONLY___ ═
2018-05-21 21:32:51,829 INFO     ___FILE_ONLY___ ═
2018-05-21 21:33:19,869 INFO     ___FILE_ONLY___ ═
2018-05-21 21:33:42,062 INFO     ___FILE_ONLY___ ═
2018-05-21 21:34:08,260 INFO     ___FILE_ONLY___ ═
2018-05-21 21:34:22,713 INFO     ___FILE_ONLY___ ═
2018-05-21 21:34:35,069 INFO     ___FILE_ONLY___ ═
2018-05-21 21:34:50,130 INFO     ___FILE_ONLY___ ═
2018-05-21 21:35:08,040 INFO     ___FILE_ONLY___ ═
2018-05-21 21:35:25,049 INFO     ___FILE_ONLY___ ═
2018-05-21 21:35:43,189 INFO     ___FILE_ONLY___ ═
2018-05-21 21:35:58,766 INFO     ___FILE_ONLY___ ═
2018-05-21 21:36:16,024 INFO     ___FILE_ONLY___ ═
2018-05-21 21:36:34,144 INFO     ___FILE_ONLY___ ═
2018-05-21 21:36:50,187 INFO     ___FILE_ONLY___ ═
2018-05-21 21:37:12,621 INFO     ___FILE_ONLY___ ═
2018-05-21 21:37:32,810 INFO     ___FILE_ONLY___ ═
2018-05-21 21:38:00,480 INFO     ___FILE_ONLY___ ═
2018-05-21 21:38:32,700 INFO     ___FILE_ONLY___ ═
2018-05-21 21:38:52,646 INFO     ___FILE_ONLY___ ═
2018-05-21 21:39:12,415 INFO     ___FILE_ONLY___ ═
2018-05-21 21:39:42,057 INFO     ___FILE_ONLY___ ═
2018-05-21 21:39:56,301 INFO     ___FILE_ONLY___ ═
2018-05-21 21:40:14,116 INFO     ___FILE_ONLY___ ═
2018-05-21 21:40:31,847 INFO     ___FILE_ONLY___ ═
2018-05-21 21:40:45,249 INFO     ___FILE_ONLY___ ═
2018-05-21 21:40:56,750 INFO     ___FILE_ONLY___ ═
2018-05-21 21:41:08,128 INFO     ___FILE_ONLY___ ═
2018-05-21 21:41:19,845 INFO     ___FILE_ONLY___ ═
2018-05-21 21:41:20,084 INFO     ___FILE_ONLY___ ═
2018-05-21 21:41:20,316 INFO     ___FILE_ONLY___ ═
2018-05-21 21:41:20,566 INFO     ___FILE_ONLY___ ═
2018-05-21 21:41:20,799 INFO     ___FILE_ONLY___ ═
2018-05-21 21:41:21,072 INFO     ___FILE_ONLY___ ═
2018-05-21 21:41:21,306 INFO     ___FILE_ONLY___ ═
2018-05-21 21:41:21,554 INFO     ___FILE_ONLY___ ═
2018-05-21 21:41:21,800 INFO     ___FILE_ONLY___ ═
2018-05-21 21:41:22,098 INFO     ___FILE_ONLY___ ═
2018-05-21 21:41:23,780 INFO     ___FILE_ONLY___ ═
2018-05-21 21:41:24,698 INFO     ___FILE_ONLY___ ═
2018-05-21 21:41:24,994 INFO     ___FILE_ONLY___ ═
2018-05-21 21:41:25,265 INFO     ___FILE_ONLY___ ═
2018-05-21 21:41:25,515 INFO     ___FILE_ONLY___ ═
2018-05-21 21:41:25,845 INFO     ___FILE_ONLY___ ═
2018-05-21 21:41:26,130 INFO     ___FILE_ONLY___ ═
2018-05-21 21:41:26,419 INFO     ___FILE_ONLY___ ═
2018-05-21 21:41:26,631 INFO     ___FILE_ONLY___ ═
2018-05-21 21:41:26,931 INFO     ___FILE_ONLY___ ═
2018-05-21 21:41:28,316 INFO     ___FILE_ONLY___ ═
2018-05-21 21:41:29,259 INFO     ___FILE_ONLY___ ═
2018-05-21 21:41:29,498 INFO     ___FILE_ONLY___ ═
2018-05-21 21:41:29,719 INFO     ___FILE_ONLY___ ═
2018-05-21 21:41:29,957 INFO     ___FILE_ONLY___ ═
2018-05-21 21:41:30,234 INFO     ___FILE_ONLY___ ═
2018-05-21 21:41:30,511 INFO     ___FILE_ONLY___ ═
2018-05-21 21:41:30,734 INFO     ___FILE_ONLY___ ═
2018-05-21 21:41:31,539 INFO     ___FILE_ONLY___ ═
2018-05-21 21:41:33,299 INFO     ___FILE_ONLY___ ═
2018-05-21 21:41:33,299 INFO     ___FILE_ONLY___ ╝
2018-05-21 21:41:33,850 INFO     ___FILE_ONLY___ ╠════════════════════════════════════════════════════════════╣

2018-05-21 21:41:33,850 INFO     ___FILE_ONLY___ ╠═ Installing: gRPC python library                          ═╣

2018-05-21 21:41:33,851 INFO     ___FILE_ONLY___ ╚
2018-05-21 21:41:33,856 INFO     ___FILE_ONLY___ ════════════════════════════════════════════════════════════
2018-05-21 21:41:33,856 INFO     ___FILE_ONLY___ ╝
2018-05-21 21:41:33,856 INFO     ___FILE_ONLY___ ╠════════════════════════════════════════════════════════════╣

2018-05-21 21:41:33,856 INFO     ___FILE_ONLY___ ╠═ Installing: gRPC python library                          ═╣

2018-05-21 21:41:33,857 INFO     ___FILE_ONLY___ ╚
2018-05-21 21:41:35,604 INFO     ___FILE_ONLY___ ═
2018-05-21 21:41:36,504 INFO     ___FILE_ONLY___ ═
2018-05-21 21:41:37,542 INFO     ___FILE_ONLY___ ═
2018-05-21 21:41:38,536 INFO     ___FILE_ONLY___ ═
2018-05-21 21:41:39,541 INFO     ___FILE_ONLY___ ═
2018-05-21 21:41:40,522 INFO     ___FILE_ONLY___ ═
2018-05-21 21:41:41,458 INFO     ___FILE_ONLY___ ═
2018-05-21 21:41:42,356 INFO     ___FILE_ONLY___ ═
2018-05-21 21:41:43,231 INFO     ___FILE_ONLY___ ═
2018-05-21 21:41:44,119 INFO     ___FILE_ONLY___ ═
2018-05-21 21:41:45,272 INFO     ___FILE_ONLY___ ═
2018-05-21 21:41:46,179 INFO     ___FILE_ONLY___ ═
2018-05-21 21:41:47,128 INFO     ___FILE_ONLY___ ═
2018-05-21 21:41:48,087 INFO     ___FILE_ONLY___ ═
2018-05-21 21:41:49,198 INFO     ___FILE_ONLY___ ═
2018-05-21 21:41:50,307 INFO     ___FILE_ONLY___ ═
2018-05-21 21:41:51,370 INFO     ___FILE_ONLY___ ═
2018-05-21 21:41:52,284 INFO     ___FILE_ONLY___ ═
2018-05-21 21:41:53,304 INFO     ___FILE_ONLY___ ═
2018-05-21 21:41:54,460 INFO     ___FILE_ONLY___ ═
2018-05-21 21:41:55,582 INFO     ___FILE_ONLY___ ═
2018-05-21 21:41:56,467 INFO     ___FILE_ONLY___ ═
2018-05-21 21:41:57,352 INFO     ___FILE_ONLY___ ═
2018-05-21 21:41:58,383 INFO     ___FILE_ONLY___ ═
2018-05-21 21:42:00,392 INFO     ___FILE_ONLY___ ═
2018-05-21 21:42:02,181 INFO     ___FILE_ONLY___ ═
2018-05-21 21:42:03,936 INFO     ___FILE_ONLY___ ═
2018-05-21 21:42:06,872 INFO     ___FILE_ONLY___ ═
2018-05-21 21:42:08,443 INFO     ___FILE_ONLY___ ═
2018-05-21 21:42:10,162 INFO     ___FILE_ONLY___ ═
2018-05-21 21:42:10,935 INFO     ___FILE_ONLY___ ═
2018-05-21 21:42:10,937 INFO     ___FILE_ONLY___ ═
2018-05-21 21:42:10,940 INFO     ___FILE_ONLY___ ═
2018-05-21 21:42:10,942 INFO     ___FILE_ONLY___ ═
2018-05-21 21:42:10,945 INFO     ___FILE_ONLY___ ═
2018-05-21 21:42:10,948 INFO     ___FILE_ONLY___ ═
2018-05-21 21:42:10,951 INFO     ___FILE_ONLY___ ═
2018-05-21 21:42:10,954 INFO     ___FILE_ONLY___ ═
2018-05-21 21:42:10,956 INFO     ___FILE_ONLY___ ═
2018-05-21 21:42:10,960 INFO     ___FILE_ONLY___ ═
2018-05-21 21:42:10,967 INFO     ___FILE_ONLY___ ═
2018-05-21 21:42:10,970 INFO     ___FILE_ONLY___ ═
2018-05-21 21:42:10,974 INFO     ___FILE_ONLY___ ═
2018-05-21 21:42:10,978 INFO     ___FILE_ONLY___ ═
2018-05-21 21:42:10,983 INFO     ___FILE_ONLY___ ═
2018-05-21 21:42:10,987 INFO     ___FILE_ONLY___ ═
2018-05-21 21:42:10,991 INFO     ___FILE_ONLY___ ═
2018-05-21 21:42:10,995 INFO     ___FILE_ONLY___ ═
2018-05-21 21:42:11,000 INFO     ___FILE_ONLY___ ═
2018-05-21 21:42:11,006 INFO     ___FILE_ONLY___ ═
2018-05-21 21:42:11,303 INFO     ___FILE_ONLY___ ═
2018-05-21 21:42:11,307 INFO     ___FILE_ONLY___ ═
2018-05-21 21:42:11,310 INFO     ___FILE_ONLY___ ═
2018-05-21 21:42:11,312 INFO     ___FILE_ONLY___ ═
2018-05-21 21:42:11,316 INFO     ___FILE_ONLY___ ═
2018-05-21 21:42:11,319 INFO     ___FILE_ONLY___ ═
2018-05-21 21:42:11,323 INFO     ___FILE_ONLY___ ═
2018-05-21 21:42:11,327 INFO     ___FILE_ONLY___ ═
2018-05-21 21:42:11,333 INFO     ___FILE_ONLY___ ═
2018-05-21 21:42:11,648 INFO     ___FILE_ONLY___ ═
2018-05-21 21:42:11,648 INFO     ___FILE_ONLY___ ╝
2018-05-21 21:42:11,660 INFO     ___FILE_ONLY___ ╠════════════════════════════════════════════════════════════╣

2018-05-21 21:42:11,661 INFO     ___FILE_ONLY___ ╠═ Installing: gcloud Beta Commands                         ═╣

2018-05-21 21:42:11,661 INFO     ___FILE_ONLY___ ╚
2018-05-21 21:42:12,515 INFO     ___FILE_ONLY___ ══════════════════════════════
2018-05-21 21:42:12,518 INFO     ___FILE_ONLY___ ═══════
2018-05-21 21:42:12,519 INFO     ___FILE_ONLY___ ════════
2018-05-21 21:42:12,520 INFO     ___FILE_ONLY___ ═══════
2018-05-21 21:42:12,522 INFO     ___FILE_ONLY___ ════════
2018-05-21 21:42:12,522 INFO     ___FILE_ONLY___ ╝
2018-05-21 21:42:12,527 INFO     ___FILE_ONLY___ ╠════════════════════════════════════════════════════════════╣

2018-05-21 21:42:12,528 INFO     ___FILE_ONLY___ ╠═ Installing: gcloud app Python Extensions                 ═╣

2018-05-21 21:42:12,528 INFO     ___FILE_ONLY___ ╚
2018-05-21 21:42:20,106 INFO     ___FILE_ONLY___ ═
2018-05-21 21:42:21,040 INFO     ___FILE_ONLY___ ═
2018-05-21 21:42:21,962 INFO     ___FILE_ONLY___ ═
2018-05-21 21:42:22,755 INFO     ___FILE_ONLY___ ═
2018-05-21 21:42:23,391 INFO     ___FILE_ONLY___ ═
2018-05-21 21:42:24,174 INFO     ___FILE_ONLY___ ═
2018-05-21 21:42:25,053 INFO     ___FILE_ONLY___ ═
2018-05-21 21:42:25,620 INFO     ___FILE_ONLY___ ═
2018-05-21 21:42:26,558 INFO     ___FILE_ONLY___ ═
2018-05-21 21:42:27,356 INFO     ___FILE_ONLY___ ═
2018-05-21 21:42:27,878 INFO     ___FILE_ONLY___ ═
2018-05-21 21:42:28,747 INFO     ___FILE_ONLY___ ═
2018-05-21 21:42:29,444 INFO     ___FILE_ONLY___ ═
2018-05-21 21:42:30,101 INFO     ___FILE_ONLY___ ═
2018-05-21 21:42:30,750 INFO     ___FILE_ONLY___ ═
2018-05-21 21:42:31,572 INFO     ___FILE_ONLY___ ═
2018-05-21 21:42:32,085 INFO     ___FILE_ONLY___ ═
2018-05-21 21:42:32,765 INFO     ___FILE_ONLY___ ═
2018-05-21 21:42:33,415 INFO     ___FILE_ONLY___ ═
2018-05-21 21:42:34,087 INFO     ___FILE_ONLY___ ═
2018-05-21 21:42:34,742 INFO     ___FILE_ONLY___ ═
2018-05-21 21:42:35,403 INFO     ___FILE_ONLY___ ═
2018-05-21 21:42:36,053 INFO     ___FILE_ONLY___ ═
2018-05-21 21:42:36,715 INFO     ___FILE_ONLY___ ═
2018-05-21 21:42:37,422 INFO     ___FILE_ONLY___ ═
2018-05-21 21:42:38,215 INFO     ___FILE_ONLY___ ═
2018-05-21 21:42:39,461 INFO     ___FILE_ONLY___ ═
2018-05-21 21:42:40,196 INFO     ___FILE_ONLY___ ═
2018-05-21 21:42:40,983 INFO     ___FILE_ONLY___ ═
2018-05-21 21:42:41,565 INFO     ___FILE_ONLY___ ═
2018-05-21 21:42:42,412 INFO     ___FILE_ONLY___ ═
2018-05-21 21:42:42,482 INFO     ___FILE_ONLY___ ═
2018-05-21 21:42:42,532 INFO     ___FILE_ONLY___ ═
2018-05-21 21:42:42,560 INFO     ___FILE_ONLY___ ═
2018-05-21 21:42:42,592 INFO     ___FILE_ONLY___ ═
2018-05-21 21:42:42,624 INFO     ___FILE_ONLY___ ═
2018-05-21 21:42:42,665 INFO     ___FILE_ONLY___ ═
2018-05-21 21:42:42,697 INFO     ___FILE_ONLY___ ═
2018-05-21 21:42:42,733 INFO     ___FILE_ONLY___ ═
2018-05-21 21:42:42,765 INFO     ___FILE_ONLY___ ═
2018-05-21 21:42:42,798 INFO     ___FILE_ONLY___ ═
2018-05-21 21:42:42,829 INFO     ___FILE_ONLY___ ═
2018-05-21 21:42:42,860 INFO     ___FILE_ONLY___ ═
2018-05-21 21:42:42,890 INFO     ___FILE_ONLY___ ═
2018-05-21 21:42:42,927 INFO     ___FILE_ONLY___ ═
2018-05-21 21:42:42,969 INFO     ___FILE_ONLY___ ═
2018-05-21 21:42:43,005 INFO     ___FILE_ONLY___ ═
2018-05-21 21:42:43,037 INFO     ___FILE_ONLY___ ═
2018-05-21 21:42:43,078 INFO     ___FILE_ONLY___ ═
2018-05-21 21:42:43,111 INFO     ___FILE_ONLY___ ═
2018-05-21 21:42:43,145 INFO     ___FILE_ONLY___ ═
2018-05-21 21:42:43,192 INFO     ___FILE_ONLY___ ═
2018-05-21 21:42:43,234 INFO     ___FILE_ONLY___ ═
2018-05-21 21:42:43,263 INFO     ___FILE_ONLY___ ═
2018-05-21 21:42:43,304 INFO     ___FILE_ONLY___ ═
2018-05-21 21:42:43,362 INFO     ___FILE_ONLY___ ═
2018-05-21 21:42:43,407 INFO     ___FILE_ONLY___ ═
2018-05-21 21:42:43,444 INFO     ___FILE_ONLY___ ═
2018-05-21 21:42:43,481 INFO     ___FILE_ONLY___ ═
2018-05-21 21:42:43,513 INFO     ___FILE_ONLY___ ═
2018-05-21 21:42:43,513 INFO     ___FILE_ONLY___ ╝
2018-05-21 21:42:43,601 INFO     ___FILE_ONLY___ ╠════════════════════════════════════════════════════════════╣

2018-05-21 21:42:43,601 INFO     ___FILE_ONLY___ ╠═ Creating backup and activating new installation          ═╣

2018-05-21 21:42:43,602 INFO     ___FILE_ONLY___ ╚
2018-05-21 21:42:43,602 DEBUG    root            Attempting to move directory [/tmp/yaourt-tmp-wheatley/aur-google-cloud-sdk/pkg/google-cloud-sdk/opt/google-cloud-sdk] to [/tmp/yaourt-tmp-wheatley/aur-google-cloud-sdk/pkg/google-cloud-sdk/opt/google-cloud-sdk.staging/.install/.backup]
2018-05-21 21:42:43,602 INFO     ___FILE_ONLY___ ══════════════════════════════
2018-05-21 21:42:43,603 DEBUG    root            Attempting to move directory [/tmp/yaourt-tmp-wheatley/aur-google-cloud-sdk/pkg/google-cloud-sdk/opt/google-cloud-sdk.staging] to [/tmp/yaourt-tmp-wheatley/aur-google-cloud-sdk/pkg/google-cloud-sdk/opt/google-cloud-sdk]
2018-05-21 21:42:43,603 INFO     ___FILE_ONLY___ ══════════════════════════════
2018-05-21 21:42:43,603 INFO     ___FILE_ONLY___ ╝

2018-05-21 21:42:43,625 DEBUG    root            Updating notification cache...
2018-05-21 21:42:43,625 INFO     ___FILE_ONLY___ 

2018-05-21 21:42:43,626 INFO     ___FILE_ONLY___ Performing post processing steps...
2018-05-21 21:42:43,626 DEBUG    root            Executing command: ['/usr/bin/python2', u'/tmp/yaourt-tmp-wheatley/aur-google-cloud-sdk/pkg/google-cloud-sdk/opt/google-cloud-sdk/lib/gcloud.py', u'components', u'post-process']
2018-05-21 21:43:08,299 DEBUG    ___FILE_ONLY___ 
2018-05-21 21:43:08,299 DEBUG    ___FILE_ONLY___ 
2018-05-21 21:43:08,432 INFO     ___FILE_ONLY___ 
Update done!


2018-05-21 21:43:08,443 INFO     root            Display format: "none"
